2025-04-03 16:13:00 | INFO | repo=course-sys-int-systems | action=commit
2025-08-08 12:55:00 | WARN | repo=course-sys-int-systems | action=pull
2025-03-12 07:18:00 | WARN | repo=course-sys-int-systems | action=edit | files=4
2025-07-26 18:02:00 | INFO | repo=course-sys-int-systems | action=commit
2025-11-01 12:47:00 | INFO | repo=course-sys-int-systems | action=commit
2025-01-13 12:32:00 | DEBUG | repo=course-sys-int-systems | action=test | passed=true
2025-02-18 21:48:00 | DEBUG | repo=course-sys-int-systems | action=commit
2025-05-15 08:52:00 | DEBUG | repo=course-sys-int-systems | action=pull
2025-04-11 10:08:00 | INFO | repo=course-sys-int-systems | action=test | passed=true
2025-03-23 20:51:00 | DEBUG | repo=course-sys-int-systems | action=commit
2025-01-04 14:17:00 | DEBUG | repo=course-sys-int-systems | action=pull
2025-05-08 14:21:00 | WARN | repo=course-sys-int-systems | action=commit
2025-03-15 09:44:00 | DEBUG | repo=course-sys-int-systems | action=edit | files=2
2025-08-17 10:21:00 | WARN | repo=course-sys-int-systems | action=test | passed=true
2025-10-11 15:36:00 | DEBUG | repo=course-sys-int-systems | action=commit
2025-11-04 21:24:00 | DEBUG | repo=course-sys-int-systems | action=commit
2025-11-04 20:59:00 | WARN | repo=course-sys-int-systems | action=commit
2025-09-14 18:47:00 | INFO | repo=course-sys-int-systems | action=edit | files=4
2025-11-12 21:46:00 | WARN | repo=course-sys-int-systems | action=commit
2025-11-05 11:23:00 | WARN | repo=course-sys-int-systems | action=commit
2025-12-09 21:08:00 | WARN | repo=course-sys-int-systems | action=pull
2025-07-14 09:29:00 | WARN | repo=course-sys-int-systems | action=commit
2025-06-23 16:43:00 | DEBUG | repo=course-sys-int-systems | action=commit
2025-04-28 12:04:00 | WARN | repo=course-sys-int-systems | action=commit
2025-07-03 18:14:00 | WARN | repo=course-sys-int-systems | action=commit
2025-07-13 21:26:00 | INFO | repo=course-sys-int-systems | action=commit
2025-03-25 13:39:00 | INFO | repo=course-sys-int-systems | action=test | passed=true
2025-03-09 17:09:00 | WARN | repo=course-sys-int-systems | action=commit
2025-01-19 16:29:00 | WARN | repo=course-sys-int-systems | action=pull
2025-04-07 14:50:00 | WARN | repo=course-sys-int-systems | action=commit
2025-07-05 18:03:00 | DEBUG | repo=course-sys-int-systems | action=commit
2025-10-06 20:40:00 | WARN | repo=course-sys-int-systems | action=pull
2025-04-09 17:17:00 | INFO | repo=course-sys-int-systems | action=commit
2025-09-18 17:09:00 | INFO | repo=course-sys-int-systems | action=commit
2025-02-22 08:28:00 | WARN | repo=course-sys-int-systems | action=commit
2025-05-28 13:57:00 | INFO | repo=course-sys-int-systems | action=commit
